<?xml version="1.0" encoding="UTF-8"?>
<testsuite name="jp.or.kamata.AppTest" tests="1" skipped="0" failures="0" errors="0" timestamp="2019-03-11T17:36:47" hostname="kamata-no-Air" time="0.003">
  <properties/>
  <testcase name="shouldAnswerWithTrue" classname="jp.or.kamata.AppTest" time="0.003"/>
  <system-out><![CDATA[]]></system-out>
  <system-err><![CDATA[]]></system-err>
</testsuite>
